app/build/intermediates/manifest_merge_blame_file/debug/manifest-merger-blame-debug-report.txt
1<?xml version="1.0" encoding="utf-8"?>
2<manifest xmlns:android="http://schemas.android.com/apk/res/android"
3    package="com.rap.medical_rap"
4    android:versionCode="1"
5    android:versionName="1.0" >
6
7    <uses-sdk
8        android:minSdkVersion="22"
8-->src\main\AndroidManifest.xml
9        android:targetSdkVersion="31" />
9-->src\main\AndroidManifest.xml
10
11    <uses-permission android:name="android.permission.ACCESS_FINE_LOCATION" />
11-->src\main\AndroidManifest.xml:5:5-79
11-->src\main\AndroidManifest.xml:5:22-76
12    <uses-permission android:name="android.permission.ACCESS_COARSE_LOCATION" />
12-->src\main\AndroidManifest.xml:6:5-81
12-->src\main\AndroidManifest.xml:6:22-78
13    <uses-permission android:name="android.permission.ACCESS_COARSE_LOCATION" />
13-->src\main\AndroidManifest.xml:6:5-81
13-->src\main\AndroidManifest.xml:6:22-78
14    <uses-permission android:name="android.permission.CAMERA" />
14-->src\main\AndroidManifest.xml:8:5-65
14-->src\main\AndroidManifest.xml:8:22-62
15    <uses-permission android:name="android.permission.READ_EXTERNAL_STORAGE" />
15-->src\main\AndroidManifest.xml:9:5-80
15-->src\main\AndroidManifest.xml:9:22-77
16    <uses-permission android:name="android.permission.WRITE_EXTERNAL_STORAGE" />
16-->src\main\AndroidManifest.xml:10:5-81
16-->src\main\AndroidManifest.xml:10:22-78
17    <uses-permission android:name="android.permission.INTERNET" />
17-->[com.google.firebase:firebase-auth:21.0.2] AndroidManifest.xml:23:5-67
17-->[com.google.firebase:firebase-auth:21.0.2] AndroidManifest.xml:23:22-64
18    <uses-permission android:name="android.permission.ACCESS_NETWORK_STATE" />
18-->[com.google.firebase:firebase-auth:21.0.2] AndroidManifest.xml:24:5-79
18-->[com.google.firebase:firebase-auth:21.0.2] AndroidManifest.xml:24:22-76
19
20    <application
20-->src\main\AndroidManifest.xml:12:5-58:19
21        android:allowBackup="true"
21-->src\main\AndroidManifest.xml:13:9-35
22        android:appComponentFactory="androidx.core.app.CoreComponentFactory"
22-->[androidx.core:core:1.7.0] AndroidManifest.xml:24:18-86
23        android:debuggable="true"
24        android:icon="@mipmap/ic_launcher"
24-->src\main\AndroidManifest.xml:14:9-43
25        android:label="@string/app_name"
25-->src\main\AndroidManifest.xml:15:9-41
26        android:roundIcon="@mipmap/ic_launcher_round"
26-->src\main\AndroidManifest.xml:16:9-54
27        android:supportsRtl="true"
27-->src\main\AndroidManifest.xml:17:9-35
28        android:theme="@style/Theme.Medical_Rap_Tracker" >
28-->src\main\AndroidManifest.xml:18:9-57
29        <activity
29-->src\main\AndroidManifest.xml:19:9-21:40
30            android:name="com.example.medical_rap_tracker.Activity.Post_DetailsActivity"
30-->src\main\AndroidManifest.xml:20:13-58
31            android:exported="false" />
31-->src\main\AndroidManifest.xml:21:13-37
32        <activity
32-->src\main\AndroidManifest.xml:22:9-24:40
33            android:name="com.example.medical_rap_tracker.Details_User_Activity"
33-->src\main\AndroidManifest.xml:23:13-50
34            android:exported="false" />
34-->src\main\AndroidManifest.xml:24:13-37
35        <activity
35-->src\main\AndroidManifest.xml:25:9-27:40
36            android:name="com.example.medical_rap_tracker.AddNewEmpActivity"
36-->src\main\AndroidManifest.xml:26:13-46
37            android:exported="false" />
37-->src\main\AndroidManifest.xml:27:13-37
38        <activity
38-->src\main\AndroidManifest.xml:28:9-30:40
39            android:name="com.example.medical_rap_tracker.AdminActivity"
39-->src\main\AndroidManifest.xml:29:13-42
40            android:exported="false" />
40-->src\main\AndroidManifest.xml:30:13-37
41        <activity
41-->src\main\AndroidManifest.xml:31:9-33:40
42            android:name="com.example.medical_rap_tracker.DataUploadActivity"
42-->src\main\AndroidManifest.xml:32:13-47
43            android:exported="false" />
43-->src\main\AndroidManifest.xml:33:13-37
44        <activity
44-->src\main\AndroidManifest.xml:34:9-36:40
45            android:name="com.example.medical_rap_tracker.VerificationActivity"
45-->src\main\AndroidManifest.xml:35:13-49
46            android:exported="false" />
46-->src\main\AndroidManifest.xml:36:13-37
47        <activity
47-->src\main\AndroidManifest.xml:37:9-40:52
48            android:name="com.example.medical_rap_tracker.SignupActivity"
48-->src\main\AndroidManifest.xml:38:13-43
49            android:exported="false"
49-->src\main\AndroidManifest.xml:39:13-37
50            android:screenOrientation="portrait" />
50-->src\main\AndroidManifest.xml:40:13-49
51        <activity
51-->src\main\AndroidManifest.xml:41:9-44:52
52            android:name="com.example.medical_rap_tracker.LoginActivity"
52-->src\main\AndroidManifest.xml:42:13-42
53            android:exported="false"
53-->src\main\AndroidManifest.xml:43:13-37
54            android:screenOrientation="portrait" />
54-->src\main\AndroidManifest.xml:44:13-49
55        <activity
55-->src\main\AndroidManifest.xml:45:9-54:20
56            android:name="com.example.medical_rap_tracker.SplashActivity"
56-->src\main\AndroidManifest.xml:46:13-43
57            android:exported="true"
57-->src\main\AndroidManifest.xml:47:13-36
58            android:screenOrientation="portrait" >
58-->src\main\AndroidManifest.xml:48:13-49
59            <intent-filter>
59-->src\main\AndroidManifest.xml:49:13-53:29
60                <action android:name="android.intent.action.MAIN" />
60-->src\main\AndroidManifest.xml:50:17-69
60-->src\main\AndroidManifest.xml:50:25-66
61
62                <category android:name="android.intent.category.LAUNCHER" />
62-->src\main\AndroidManifest.xml:52:17-77
62-->src\main\AndroidManifest.xml:52:27-74
63            </intent-filter>
64        </activity>
65        <activity
65-->src\main\AndroidManifest.xml:55:9-57:39
66            android:name="com.example.medical_rap_tracker.MainActivity"
66-->src\main\AndroidManifest.xml:56:13-41
67            android:exported="true" />
67-->src\main\AndroidManifest.xml:57:13-36
68        <activity
68-->[com.google.firebase:firebase-auth:21.0.2] AndroidManifest.xml:27:9-44:20
69            android:name="com.google.firebase.auth.internal.GenericIdpActivity"
69-->[com.google.firebase:firebase-auth:21.0.2] AndroidManifest.xml:28:13-80
70            android:excludeFromRecents="true"
70-->[com.google.firebase:firebase-auth:21.0.2] AndroidManifest.xml:29:13-46
71            android:exported="true"
71-->[com.google.firebase:firebase-auth:21.0.2] AndroidManifest.xml:30:13-36
72            android:launchMode="singleTask"
72-->[com.google.firebase:firebase-auth:21.0.2] AndroidManifest.xml:31:13-44
73            android:theme="@android:style/Theme.Translucent.NoTitleBar" >
73-->[com.google.firebase:firebase-auth:21.0.2] AndroidManifest.xml:32:13-72
74            <intent-filter>
74-->[com.google.firebase:firebase-auth:21.0.2] AndroidManifest.xml:33:13-43:29
75                <action android:name="android.intent.action.VIEW" />
75-->[com.google.firebase:firebase-auth:21.0.2] AndroidManifest.xml:34:17-69
75-->[com.google.firebase:firebase-auth:21.0.2] AndroidManifest.xml:34:25-66
76
77                <category android:name="android.intent.category.DEFAULT" />
77-->[com.google.firebase:firebase-auth:21.0.2] AndroidManifest.xml:36:17-76
77-->[com.google.firebase:firebase-auth:21.0.2] AndroidManifest.xml:36:27-73
78                <category android:name="android.intent.category.BROWSABLE" />
78-->[com.google.firebase:firebase-auth:21.0.2] AndroidManifest.xml:37:17-78
78-->[com.google.firebase:firebase-auth:21.0.2] AndroidManifest.xml:37:27-75
79
80                <data
80-->[com.google.firebase:firebase-auth:21.0.2] AndroidManifest.xml:39:17-42:51
81                    android:host="firebase.auth"
81-->[com.google.firebase:firebase-auth:21.0.2] AndroidManifest.xml:40:21-49
82                    android:path="/"
82-->[com.google.firebase:firebase-auth:21.0.2] AndroidManifest.xml:41:21-37
83                    android:scheme="genericidp" />
83-->[com.google.firebase:firebase-auth:21.0.2] AndroidManifest.xml:42:21-48
84            </intent-filter>
85        </activity>
86        <activity
86-->[com.google.firebase:firebase-auth:21.0.2] AndroidManifest.xml:45:9-62:20
87            android:name="com.google.firebase.auth.internal.RecaptchaActivity"
87-->[com.google.firebase:firebase-auth:21.0.2] AndroidManifest.xml:46:13-79
88            android:excludeFromRecents="true"
88-->[com.google.firebase:firebase-auth:21.0.2] AndroidManifest.xml:47:13-46
89            android:exported="true"
89-->[com.google.firebase:firebase-auth:21.0.2] AndroidManifest.xml:48:13-36
90            android:launchMode="singleTask"
90-->[com.google.firebase:firebase-auth:21.0.2] AndroidManifest.xml:49:13-44
91            android:theme="@android:style/Theme.Translucent.NoTitleBar" >
91-->[com.google.firebase:firebase-auth:21.0.2] AndroidManifest.xml:50:13-72
92            <intent-filter>
92-->[com.google.firebase:firebase-auth:21.0.2] AndroidManifest.xml:51:13-61:29
93                <action android:name="android.intent.action.VIEW" />
93-->[com.google.firebase:firebase-auth:21.0.2] AndroidManifest.xml:34:17-69
93-->[com.google.firebase:firebase-auth:21.0.2] AndroidManifest.xml:34:25-66
94
95                <category android:name="android.intent.category.DEFAULT" />
95-->[com.google.firebase:firebase-auth:21.0.2] AndroidManifest.xml:36:17-76
95-->[com.google.firebase:firebase-auth:21.0.2] AndroidManifest.xml:36:27-73
96                <category android:name="android.intent.category.BROWSABLE" />
96-->[com.google.firebase:firebase-auth:21.0.2] AndroidManifest.xml:37:17-78
96-->[com.google.firebase:firebase-auth:21.0.2] AndroidManifest.xml:37:27-75
97
98                <data
98-->[com.google.firebase:firebase-auth:21.0.2] AndroidManifest.xml:39:17-42:51
99                    android:host="firebase.auth"
99-->[com.google.firebase:firebase-auth:21.0.2] AndroidManifest.xml:40:21-49
100                    android:path="/"
100-->[com.google.firebase:firebase-auth:21.0.2] AndroidManifest.xml:41:21-37
101                    android:scheme="recaptcha" />
101-->[com.google.firebase:firebase-auth:21.0.2] AndroidManifest.xml:42:21-48
102            </intent-filter>
103        </activity>
104
105        <service
105-->[com.google.firebase:firebase-auth:21.0.2] AndroidManifest.xml:64:9-70:19
106            android:name="com.google.firebase.components.ComponentDiscoveryService"
106-->[com.google.firebase:firebase-auth:21.0.2] AndroidManifest.xml:65:13-84
107            android:directBootAware="true"
107-->[com.google.firebase:firebase-common:20.1.0] AndroidManifest.xml:35:13-43
108            android:exported="false" >
108-->[com.google.firebase:firebase-auth:21.0.2] AndroidManifest.xml:66:13-37
109            <meta-data
109-->[com.google.firebase:firebase-auth:21.0.2] AndroidManifest.xml:67:13-69:85
110                android:name="com.google.firebase.components:com.google.firebase.auth.FirebaseAuthRegistrar"
110-->[com.google.firebase:firebase-auth:21.0.2] AndroidManifest.xml:68:17-109
111                android:value="com.google.firebase.components.ComponentRegistrar" />
111-->[com.google.firebase:firebase-auth:21.0.2] AndroidManifest.xml:69:17-82
112            <meta-data
112-->[com.google.firebase:firebase-database:20.0.4] AndroidManifest.xml:32:13-34:85
113                android:name="com.google.firebase.components:com.google.firebase.database.DatabaseRegistrar"
113-->[com.google.firebase:firebase-database:20.0.4] AndroidManifest.xml:33:17-109
114                android:value="com.google.firebase.components.ComponentRegistrar" />
114-->[com.google.firebase:firebase-database:20.0.4] AndroidManifest.xml:34:17-82
115            <meta-data
115-->[com.google.firebase:firebase-firestore:24.1.1] AndroidManifest.xml:20:13-22:85
116                android:name="com.google.firebase.components:com.google.firebase.firestore.FirestoreRegistrar"
116-->[com.google.firebase:firebase-firestore:24.1.1] AndroidManifest.xml:21:17-111
117                android:value="com.google.firebase.components.ComponentRegistrar" />
117-->[com.google.firebase:firebase-firestore:24.1.1] AndroidManifest.xml:22:17-82
118            <meta-data
118-->[com.google.firebase:firebase-storage:20.0.1] AndroidManifest.xml:33:13-35:85
119                android:name="com.google.firebase.components:com.google.firebase.storage.StorageRegistrar"
119-->[com.google.firebase:firebase-storage:20.0.1] AndroidManifest.xml:34:17-107
120                android:value="com.google.firebase.components.ComponentRegistrar" />
120-->[com.google.firebase:firebase-storage:20.0.1] AndroidManifest.xml:35:17-82
121        </service>
122
123        <provider
123-->[com.squareup.picasso:picasso:2.71828] AndroidManifest.xml:8:9-11:40
124            android:name="com.squareup.picasso.PicassoProvider"
124-->[com.squareup.picasso:picasso:2.71828] AndroidManifest.xml:9:13-64
125            android:authorities="com.rap.medical_rap.com.squareup.picasso"
125-->[com.squareup.picasso:picasso:2.71828] AndroidManifest.xml:10:13-72
126            android:exported="false" />
126-->[com.squareup.picasso:picasso:2.71828] AndroidManifest.xml:11:13-37
127        <provider
127-->[com.google.firebase:firebase-common:20.1.0] AndroidManifest.xml:26:9-31:39
128            android:name="com.google.firebase.provider.FirebaseInitProvider"
128-->[com.google.firebase:firebase-common:20.1.0] AndroidManifest.xml:27:13-77
129            android:authorities="com.rap.medical_rap.firebaseinitprovider"
129-->[com.google.firebase:firebase-common:20.1.0] AndroidManifest.xml:28:13-72
130            android:directBootAware="true"
130-->[com.google.firebase:firebase-common:20.1.0] AndroidManifest.xml:29:13-43
131            android:exported="false"
131-->[com.google.firebase:firebase-common:20.1.0] AndroidManifest.xml:30:13-37
132            android:initOrder="100" />
132-->[com.google.firebase:firebase-common:20.1.0] AndroidManifest.xml:31:13-36
133
134        <service
134-->[com.google.android.gms:play-services-mlkit-face-detection:16.1.6] AndroidManifest.xml:9:9-15:19
135            android:name="com.google.mlkit.common.internal.MlKitComponentDiscoveryService"
135-->[com.google.android.gms:play-services-mlkit-face-detection:16.1.6] AndroidManifest.xml:10:13-91
136            android:directBootAware="true"
136-->[com.google.mlkit:common:17.1.1] AndroidManifest.xml:17:13-43
137            android:exported="false" >
137-->[com.google.android.gms:play-services-mlkit-face-detection:16.1.6] AndroidManifest.xml:11:13-37
138            <meta-data
138-->[com.google.android.gms:play-services-mlkit-face-detection:16.1.6] AndroidManifest.xml:12:13-14:85
139                android:name="com.google.firebase.components:com.google.mlkit.vision.face.internal.FaceRegistrar"
139-->[com.google.android.gms:play-services-mlkit-face-detection:16.1.6] AndroidManifest.xml:13:17-114
140                android:value="com.google.firebase.components.ComponentRegistrar" />
140-->[com.google.android.gms:play-services-mlkit-face-detection:16.1.6] AndroidManifest.xml:14:17-82
141            <meta-data
141-->[com.google.mlkit:vision-common:16.3.0] AndroidManifest.xml:12:13-14:85
142                android:name="com.google.firebase.components:com.google.mlkit.vision.common.internal.VisionCommonRegistrar"
142-->[com.google.mlkit:vision-common:16.3.0] AndroidManifest.xml:13:17-124
143                android:value="com.google.firebase.components.ComponentRegistrar" />
143-->[com.google.mlkit:vision-common:16.3.0] AndroidManifest.xml:14:17-82
144            <meta-data
144-->[com.google.mlkit:common:17.1.1] AndroidManifest.xml:20:13-22:85
145                android:name="com.google.firebase.components:com.google.mlkit.common.internal.CommonComponentRegistrar"
145-->[com.google.mlkit:common:17.1.1] AndroidManifest.xml:21:17-120
146                android:value="com.google.firebase.components.ComponentRegistrar" />
146-->[com.google.mlkit:common:17.1.1] AndroidManifest.xml:22:17-82
147        </service>
148
149        <provider
149-->[com.google.mlkit:common:17.1.1] AndroidManifest.xml:9:9-13:38
150            android:name="com.google.mlkit.common.internal.MlKitInitProvider"
150-->[com.google.mlkit:common:17.1.1] AndroidManifest.xml:10:13-78
151            android:authorities="com.rap.medical_rap.mlkitinitprovider"
151-->[com.google.mlkit:common:17.1.1] AndroidManifest.xml:11:13-69
152            android:exported="false"
152-->[com.google.mlkit:common:17.1.1] AndroidManifest.xml:12:13-37
153            android:initOrder="99" />
153-->[com.google.mlkit:common:17.1.1] AndroidManifest.xml:13:13-35
154
155        <activity
155-->[com.google.android.gms:play-services-base:18.0.1] AndroidManifest.xml:20:9-22:45
156            android:name="com.google.android.gms.common.api.GoogleApiActivity"
156-->[com.google.android.gms:play-services-base:18.0.1] AndroidManifest.xml:20:19-85
157            android:exported="false"
157-->[com.google.android.gms:play-services-base:18.0.1] AndroidManifest.xml:22:19-43
158            android:theme="@android:style/Theme.Translucent.NoTitleBar" />
158-->[com.google.android.gms:play-services-base:18.0.1] AndroidManifest.xml:21:19-78
159
160        <meta-data
160-->[com.google.android.gms:play-services-basement:18.0.0] AndroidManifest.xml:21:9-23:69
161            android:name="com.google.android.gms.version"
161-->[com.google.android.gms:play-services-basement:18.0.0] AndroidManifest.xml:22:13-58
162            android:value="@integer/google_play_services_version" />
162-->[com.google.android.gms:play-services-basement:18.0.0] AndroidManifest.xml:23:13-66
163
164        <provider
164-->[androidx.emoji2:emoji2:1.0.0] AndroidManifest.xml:26:9-34:20
165            android:name="androidx.startup.InitializationProvider"
165-->[androidx.emoji2:emoji2:1.0.0] AndroidManifest.xml:27:13-67
166            android:authorities="com.rap.medical_rap.androidx-startup"
166-->[androidx.emoji2:emoji2:1.0.0] AndroidManifest.xml:28:13-68
167            android:exported="false" >
167-->[androidx.emoji2:emoji2:1.0.0] AndroidManifest.xml:29:13-37
168            <meta-data
168-->[androidx.emoji2:emoji2:1.0.0] AndroidManifest.xml:31:13-33:52
169                android:name="androidx.emoji2.text.EmojiCompatInitializer"
169-->[androidx.emoji2:emoji2:1.0.0] AndroidManifest.xml:32:17-75
170                android:value="androidx.startup" />
170-->[androidx.emoji2:emoji2:1.0.0] AndroidManifest.xml:33:17-49
171            <meta-data
171-->[androidx.lifecycle:lifecycle-process:2.4.0] AndroidManifest.xml:31:13-33:52
172                android:name="androidx.lifecycle.ProcessLifecycleInitializer"
172-->[androidx.lifecycle:lifecycle-process:2.4.0] AndroidManifest.xml:32:17-78
173                android:value="androidx.startup" />
173-->[androidx.lifecycle:lifecycle-process:2.4.0] AndroidManifest.xml:33:17-49
174        </provider>
175
176        <service
176-->[com.google.android.datatransport:transport-backend-cct:2.3.3] AndroidManifest.xml:29:9-35:19
177            android:name="com.google.android.datatransport.runtime.backends.TransportBackendDiscovery"
177-->[com.google.android.datatransport:transport-backend-cct:2.3.3] AndroidManifest.xml:30:13-103
178            android:exported="false" >
178-->[com.google.android.datatransport:transport-backend-cct:2.3.3] AndroidManifest.xml:31:13-37
179            <meta-data
179-->[com.google.android.datatransport:transport-backend-cct:2.3.3] AndroidManifest.xml:32:13-34:39
180                android:name="backend:com.google.android.datatransport.cct.CctBackendFactory"
180-->[com.google.android.datatransport:transport-backend-cct:2.3.3] AndroidManifest.xml:33:17-94
181                android:value="cct" />
181-->[com.google.android.datatransport:transport-backend-cct:2.3.3] AndroidManifest.xml:34:17-36
182        </service>
183        <service
183-->[com.google.android.datatransport:transport-runtime:2.2.6] AndroidManifest.xml:26:9-30:19
184            android:name="com.google.android.datatransport.runtime.scheduling.jobscheduling.JobInfoSchedulerService"
184-->[com.google.android.datatransport:transport-runtime:2.2.6] AndroidManifest.xml:27:13-117
185            android:exported="false"
185-->[com.google.android.datatransport:transport-runtime:2.2.6] AndroidManifest.xml:28:13-37
186            android:permission="android.permission.BIND_JOB_SERVICE" >
186-->[com.google.android.datatransport:transport-runtime:2.2.6] AndroidManifest.xml:29:13-69
187        </service>
188
189        <receiver
189-->[com.google.android.datatransport:transport-runtime:2.2.6] AndroidManifest.xml:32:9-34:40
190            android:name="com.google.android.datatransport.runtime.scheduling.jobscheduling.AlarmManagerSchedulerBroadcastReceiver"
190-->[com.google.android.datatransport:transport-runtime:2.2.6] AndroidManifest.xml:33:13-132
191            android:exported="false" />
191-->[com.google.android.datatransport:transport-runtime:2.2.6] AndroidManifest.xml:34:13-37
192    </application>
193
194</manifest>